<?xml version="1.0" encoding="UTF-8"?>
<!-- Generated by org.testng.reporters.JUnitReportReporter -->
<testsuite hostname="Yashi-BStat" failures="0" tests="1" name="com.restAssured.ques3" time="8.741" errors="0" timestamp="2024-12-08T16:39:50 IST" skipped="0">
  <testcase classname="com.restAssured.ques3" name="Oauth2Test" time="8.741"/>
  <system-out/>
</testsuite> <!-- com.restAssured.ques3 -->
