<?xml version="1.0" encoding="UTF-8"?>
<!-- Generated by org.testng.reporters.JUnitReportReporter -->
<testsuite hostname="Yashi-BStat" failures="0" tests="5" name="com.restAssured.NewTest" time="15.055" errors="0" timestamp="2024-12-03T23:56:08 IST" skipped="1">
  <testcase classname="com.restAssured.NewTest" name="getcall" time="4.551"/>
  <system-out/>
  <testcase classname="com.restAssured.NewTest" name="postcall" time="3.509"/>
  <system-out/>
  <testcase classname="com.restAssured.NewTest" name="findpet" time="2.677"/>
  <system-out/>
  <testcase classname="com.restAssured.NewTest" name="deletePet" time="4.318"/>
  <system-out/>
  <testcase classname="com.restAssured.NewTest" name="updatePet">
    <skipped/>
  </testcase> <!-- updatePet -->
  <system-out/>
</testsuite> <!-- com.restAssured.NewTest -->
