<?xml version="1.0" encoding="UTF-8"?>
<!-- Generated by org.testng.reporters.JUnitReportReporter -->
<testsuite hostname="Yashi-BStat" failures="0" tests="1" name="com.restAssured.ques2asgmt" time="3.786" errors="0" timestamp="2024-12-05T22:53:41 IST" skipped="0">
  <testcase classname="com.restAssured.ques2asgmt" name="createPostusingPojo" time="3.786"/>
  <system-out/>
</testsuite> <!-- com.restAssured.ques2asgmt -->
